<?xml version="1.0" encoding="UTF-8"?>
<!-- Generated by org.testng.reporters.JUnitReportReporter -->
<testsuite hostname="SREEKANTH-PC" failures="0" tests="1" name="com.LifeStylePlan.AdminUIPages.lspAdminLoginTest" time="1.294" errors="0" timestamp="2020-12-03T00:44:54 CST" skipped="0">
  <testcase classname="com.LifeStylePlan.AdminUIPages.lspAdminLoginTest" name="login" time="1.294"/>
  <system-out/>
</testsuite> <!-- com.LifeStylePlan.AdminUIPages.lspAdminLoginTest -->
