<?xml version="1.0" encoding="UTF-8"?>
<!-- Generated by org.testng.reporters.JUnitReportReporter -->
<testsuite hostname="SREEKANTH-PC" failures="0" tests="1" name="com.LifeStylePlan.AdminUIPages.lspLoginsTest" time="1.418" errors="0" timestamp="2020-12-14T11:26:56 CST" skipped="0">
  <testcase classname="com.LifeStylePlan.AdminUIPages.lspLoginsTest" name="adminlogin" time="1.418"/>
  <system-out/>
</testsuite> <!-- com.LifeStylePlan.AdminUIPages.lspLoginsTest -->
