<?xml version="1.0" encoding="UTF-8"?>
<!-- Generated by org.testng.reporters.JUnitReportReporter -->
<testsuite hostname="SREEKANTH-PC" failures="0" tests="1" name="com.LifeStylePlan.LifeStylePlan.CommanUtils" time="0.871" errors="0" timestamp="2020-11-29T22:11:26 CST" skipped="0">
  <testcase classname="com.LifeStylePlan.LifeStylePlan.CommanUtils" name="test1" time="0.871"/>
  <system-out/>
</testsuite> <!-- com.LifeStylePlan.LifeStylePlan.CommanUtils -->
