<?xml version="1.0" encoding="UTF-8"?>
<!-- Generated by org.testng.reporters.JUnitReportReporter -->
<testsuite hostname="SREEKANTH-PC" failures="0" tests="1" name="com.LifeStylePlan.AdminUIPages.CompanyInformationTest" time="5.701" errors="0" timestamp="2020-12-14T11:27:41 CST" skipped="0">
  <testcase classname="com.LifeStylePlan.AdminUIPages.CompanyInformationTest" name="enterCompanyInfo" time="5.701"/>
  <system-out/>
</testsuite> <!-- com.LifeStylePlan.AdminUIPages.CompanyInformationTest -->
